This is pdfTeX, Version 3.141592653-2.6-1.40.26 (MiKTeX 24.4) (preloaded format=pdflatex 2024.6.25)  15 MAR 2025 14:29
entering extended mode
 restricted \write18 enabled.
 %&-line parsing enabled.
**./main2.tex
(main2.tex
LaTeX2e <2024-06-01> patch level 1
L3 programming layer <2024-05-27>
(C:\Users\Mehmet\AppData\Local\Programs\MiKTeX\tex/latex/base\article.cls
Document Class: article 2024/02/08 v1.4n Standard LaTeX document class
(C:\Users\Mehmet\AppData\Local\Programs\MiKTeX\tex/latex/base\size10.clo
File: size10.clo 2024/02/08 v1.4n Standard LaTeX file (size option)
)
\c@part=\count194
\c@section=\count195
\c@subsection=\count196
\c@subsubsection=\count197
\c@paragraph=\count198
\c@subparagraph=\count199
\c@figure=\count266
\c@table=\count267
\abovecaptionskip=\skip49
\belowcaptionskip=\skip50
\bibindent=\dimen141
)
(C:\Users\Mehmet\AppData\Local\Programs\MiKTeX\tex/latex/base\inputenc.sty
Package: inputenc 2024/02/08 v1.3d Input encoding file
\inpenc@prehook=\toks17
\inpenc@posthook=\toks18
)
(C:\Users\Mehmet\AppData\Local\Programs\MiKTeX\tex/generic/babel\babel.sty
Package: babel 2024/06/02 v24.6 The Babel package
\babel@savecnt=\count268
\U@D=\dimen142
\l@unhyphenated=\language79

(C:\Users\Mehmet\AppData\Local\Programs\MiKTeX\tex/generic/babel\txtbabel.def)
\bbl@readstream=\read2
\bbl@dirlevel=\count269

*************************************
* Local config file bblopts.cfg used
*
(C:\Users\Mehmet\AppData\Local\Programs\MiKTeX\tex/latex/arabi\bblopts.cfg
File: bblopts.cfg 2005/09/08 v0.1 add Arabic and Farsi to "declared" options of
 babel
)
(C:\Users\Mehmet\AppData\Local\Programs\MiKTeX\tex/latex/babel-turkish\turkish.
ldf
Language: turkish 2019/07/05 v1.4 Turkish support from the babel system
Package babel Info: Making : an active character on input line 163.
Package babel Info: Making ! an active character on input line 164.
Package babel Info: Making = an active character on input line 194.
))
(C:\Users\Mehmet\AppData\Local\Programs\MiKTeX\tex/generic/babel/locale/tr\babe
l-turkish.tex
Package babel Info: Importing font and identification data for turkish
(babel)             from babel-tr.ini. Reported on input line 11.
)
(C:\Users\Mehmet\AppData\Local\Programs\MiKTeX\tex/latex/base\fontenc.sty
Package: fontenc 2021/04/29 v2.0v Standard LaTeX package
)
(C:\Users\Mehmet\AppData\Local\Programs\MiKTeX\tex/latex/amsmath\amsmath.sty
Package: amsmath 2024/05/23 v2.17q AMS math features
\@mathmargin=\skip51

For additional information on amsmath, use the `?' option.
(C:\Users\Mehmet\AppData\Local\Programs\MiKTeX\tex/latex/amsmath\amstext.sty
Package: amstext 2021/08/26 v2.01 AMS text

(C:\Users\Mehmet\AppData\Local\Programs\MiKTeX\tex/latex/amsmath\amsgen.sty
File: amsgen.sty 1999/11/30 v2.0 generic functions
\@emptytoks=\toks19
\ex@=\dimen143
))
(C:\Users\Mehmet\AppData\Local\Programs\MiKTeX\tex/latex/amsmath\amsbsy.sty
Package: amsbsy 1999/11/29 v1.2d Bold Symbols
\pmbraise@=\dimen144
)
(C:\Users\Mehmet\AppData\Local\Programs\MiKTeX\tex/latex/amsmath\amsopn.sty
Package: amsopn 2022/04/08 v2.04 operator names
)
\inf@bad=\count270
LaTeX Info: Redefining \frac on input line 233.
\uproot@=\count271
\leftroot@=\count272
LaTeX Info: Redefining \overline on input line 398.
LaTeX Info: Redefining \colon on input line 409.
\classnum@=\count273
\DOTSCASE@=\count274
LaTeX Info: Redefining \ldots on input line 495.
LaTeX Info: Redefining \dots on input line 498.
LaTeX Info: Redefining \cdots on input line 619.
\Mathstrutbox@=\box52
\strutbox@=\box53
LaTeX Info: Redefining \big on input line 721.
LaTeX Info: Redefining \Big on input line 722.
LaTeX Info: Redefining \bigg on input line 723.
LaTeX Info: Redefining \Bigg on input line 724.
\big@size=\dimen145
LaTeX Font Info:    Redeclaring font encoding OML on input line 742.
LaTeX Font Info:    Redeclaring font encoding OMS on input line 743.
\macc@depth=\count275
LaTeX Info: Redefining \bmod on input line 904.
LaTeX Info: Redefining \pmod on input line 909.
LaTeX Info: Redefining \smash on input line 939.
LaTeX Info: Redefining \relbar on input line 969.
LaTeX Info: Redefining \Relbar on input line 970.
\c@MaxMatrixCols=\count276
\dotsspace@=\muskip17
\c@parentequation=\count277
\dspbrk@lvl=\count278
\tag@help=\toks20
\row@=\count279
\column@=\count280
\maxfields@=\count281
\andhelp@=\toks21
\eqnshift@=\dimen146
\alignsep@=\dimen147
\tagshift@=\dimen148
\tagwidth@=\dimen149
\totwidth@=\dimen150
\lineht@=\dimen151
\@envbody=\toks22
\multlinegap=\skip52
\multlinetaggap=\skip53
\mathdisplay@stack=\toks23
LaTeX Info: Redefining \[ on input line 2953.
LaTeX Info: Redefining \] on input line 2954.
)
(C:\Users\Mehmet\AppData\Local\Programs\MiKTeX\tex/latex/amsfonts\amssymb.sty
Package: amssymb 2013/01/14 v3.01 AMS font symbols

(C:\Users\Mehmet\AppData\Local\Programs\MiKTeX\tex/latex/amsfonts\amsfonts.sty
Package: amsfonts 2013/01/14 v3.01 Basic AMSFonts support
\symAMSa=\mathgroup4
\symAMSb=\mathgroup5
LaTeX Font Info:    Redeclaring math symbol \hbar on input line 98.
LaTeX Font Info:    Overwriting math alphabet `\mathfrak' in version `bold'
(Font)                  U/euf/m/n --> U/euf/b/n on input line 106.
)) (C:\Users\Mehmet\AppData\Local\Programs\MiKTeX\tex/latex/amscls\amsthm.sty
Package: amsthm 2020/05/29 v2.20.6
\thm@style=\toks24
\thm@bodyfont=\toks25
\thm@headfont=\toks26
\thm@notefont=\toks27
\thm@headpunct=\toks28
\thm@preskip=\skip54
\thm@postskip=\skip55
\thm@headsep=\skip56
\dth@everypar=\toks29
)
(C:\Users\Mehmet\AppData\Local\Programs\MiKTeX\tex/latex/tools\enumerate.sty
Package: enumerate 2023/07/04 v3.00 enumerate extensions (DPC)
\@enLab=\toks30
)
(C:\Users\Mehmet\AppData\Local\Programs\MiKTeX\tex/latex/tcolorbox\tcolorbox.st
y
Package: tcolorbox 2024/01/10 version 6.2.0 text color boxes

(C:\Users\Mehmet\AppData\Local\Programs\MiKTeX\tex/latex/pgf/basiclayer\pgf.sty

(C:\Users\Mehmet\AppData\Local\Programs\MiKTeX\tex/latex/pgf/utilities\pgfrcs.s
ty
(C:\Users\Mehmet\AppData\Local\Programs\MiKTeX\tex/generic/pgf/utilities\pgfuti
l-common.tex
\pgfutil@everybye=\toks31
\pgfutil@tempdima=\dimen152
\pgfutil@tempdimb=\dimen153
)
(C:\Users\Mehmet\AppData\Local\Programs\MiKTeX\tex/generic/pgf/utilities\pgfuti
l-latex.def
\pgfutil@abb=\box54
)
(C:\Users\Mehmet\AppData\Local\Programs\MiKTeX\tex/generic/pgf/utilities\pgfrcs
.code.tex
(C:\Users\Mehmet\AppData\Local\Programs\MiKTeX\tex/generic/pgf\pgf.revision.tex
)
Package: pgfrcs 2023-01-15 v3.1.10 (3.1.10)
))
Package: pgf 2023-01-15 v3.1.10 (3.1.10)

(C:\Users\Mehmet\AppData\Local\Programs\MiKTeX\tex/latex/pgf/basiclayer\pgfcore
.sty
(C:\Users\Mehmet\AppData\Local\Programs\MiKTeX\tex/latex/graphics\graphicx.sty
Package: graphicx 2021/09/16 v1.2d Enhanced LaTeX Graphics (DPC,SPQR)

(C:\Users\Mehmet\AppData\Local\Programs\MiKTeX\tex/latex/graphics\keyval.sty
Package: keyval 2022/05/29 v1.15 key=value parser (DPC)
\KV@toks@=\toks32
)
(C:\Users\Mehmet\AppData\Local\Programs\MiKTeX\tex/latex/graphics\graphics.sty
Package: graphics 2024/05/23 v1.4g Standard LaTeX Graphics (DPC,SPQR)

(C:\Users\Mehmet\AppData\Local\Programs\MiKTeX\tex/latex/graphics\trig.sty
Package: trig 2023/12/02 v1.11 sin cos tan (DPC)
)
(C:\Users\Mehmet\AppData\Local\Programs\MiKTeX\tex/latex/graphics-cfg\graphics.
cfg
File: graphics.cfg 2016/06/04 v1.11 sample graphics configuration
)
Package graphics Info: Driver file: pdftex.def on input line 106.

(C:\Users\Mehmet\AppData\Local\Programs\MiKTeX\tex/latex/graphics-def\pdftex.de
f
File: pdftex.def 2024/04/13 v1.2c Graphics/color driver for pdftex
))
\Gin@req@height=\dimen154
\Gin@req@width=\dimen155
)
(C:\Users\Mehmet\AppData\Local\Programs\MiKTeX\tex/latex/pgf/systemlayer\pgfsys
.sty
(C:\Users\Mehmet\AppData\Local\Programs\MiKTeX\tex/generic/pgf/systemlayer\pgfs
ys.code.tex
Package: pgfsys 2023-01-15 v3.1.10 (3.1.10)

(C:\Users\Mehmet\AppData\Local\Programs\MiKTeX\tex/generic/pgf/utilities\pgfkey
s.code.tex
\pgfkeys@pathtoks=\toks33
\pgfkeys@temptoks=\toks34

(C:\Users\Mehmet\AppData\Local\Programs\MiKTeX\tex/generic/pgf/utilities\pgfkey
slibraryfiltered.code.tex
\pgfkeys@tmptoks=\toks35
))
\pgf@x=\dimen156
\pgf@y=\dimen157
\pgf@xa=\dimen158
\pgf@ya=\dimen159
\pgf@xb=\dimen160
\pgf@yb=\dimen161
\pgf@xc=\dimen162
\pgf@yc=\dimen163
\pgf@xd=\dimen164
\pgf@yd=\dimen165
\w@pgf@writea=\write3
\r@pgf@reada=\read3
\c@pgf@counta=\count282
\c@pgf@countb=\count283
\c@pgf@countc=\count284
\c@pgf@countd=\count285
\t@pgf@toka=\toks36
\t@pgf@tokb=\toks37
\t@pgf@tokc=\toks38
\pgf@sys@id@count=\count286

(C:\Users\Mehmet\AppData\Local\Programs\MiKTeX\tex/generic/pgf/systemlayer\pgf.
cfg
File: pgf.cfg 2023-01-15 v3.1.10 (3.1.10)
)
Driver file for pgf: pgfsys-pdftex.def

(C:\Users\Mehmet\AppData\Local\Programs\MiKTeX\tex/generic/pgf/systemlayer\pgfs
ys-pdftex.def
File: pgfsys-pdftex.def 2023-01-15 v3.1.10 (3.1.10)

(C:\Users\Mehmet\AppData\Local\Programs\MiKTeX\tex/generic/pgf/systemlayer\pgfs
ys-common-pdf.def
File: pgfsys-common-pdf.def 2023-01-15 v3.1.10 (3.1.10)
)))
(C:\Users\Mehmet\AppData\Local\Programs\MiKTeX\tex/generic/pgf/systemlayer\pgfs
yssoftpath.code.tex
File: pgfsyssoftpath.code.tex 2023-01-15 v3.1.10 (3.1.10)
\pgfsyssoftpath@smallbuffer@items=\count287
\pgfsyssoftpath@bigbuffer@items=\count288
)
(C:\Users\Mehmet\AppData\Local\Programs\MiKTeX\tex/generic/pgf/systemlayer\pgfs
ysprotocol.code.tex
File: pgfsysprotocol.code.tex 2023-01-15 v3.1.10 (3.1.10)
))
(C:\Users\Mehmet\AppData\Local\Programs\MiKTeX\tex/latex/xcolor\xcolor.sty
Package: xcolor 2023/11/15 v3.01 LaTeX color extensions (UK)

(C:\Users\Mehmet\AppData\Local\Programs\MiKTeX\tex/latex/graphics-cfg\color.cfg
File: color.cfg 2016/01/02 v1.6 sample color configuration
)
Package xcolor Info: Driver file: pdftex.def on input line 274.

(C:\Users\Mehmet\AppData\Local\Programs\MiKTeX\tex/latex/graphics\mathcolor.ltx
)
Package xcolor Info: Model `cmy' substituted by `cmy0' on input line 1350.
Package xcolor Info: Model `hsb' substituted by `rgb' on input line 1354.
Package xcolor Info: Model `RGB' extended on input line 1366.
Package xcolor Info: Model `HTML' substituted by `rgb' on input line 1368.
Package xcolor Info: Model `Hsb' substituted by `hsb' on input line 1369.
Package xcolor Info: Model `tHsb' substituted by `hsb' on input line 1370.
Package xcolor Info: Model `HSB' substituted by `hsb' on input line 1371.
Package xcolor Info: Model `Gray' substituted by `gray' on input line 1372.
Package xcolor Info: Model `wave' substituted by `hsb' on input line 1373.
)
(C:\Users\Mehmet\AppData\Local\Programs\MiKTeX\tex/generic/pgf/basiclayer\pgfco
re.code.tex
Package: pgfcore 2023-01-15 v3.1.10 (3.1.10)

(C:\Users\Mehmet\AppData\Local\Programs\MiKTeX\tex/generic/pgf/math\pgfmath.cod
e.tex
(C:\Users\Mehmet\AppData\Local\Programs\MiKTeX\tex/generic/pgf/math\pgfmathutil
.code.tex)
(C:\Users\Mehmet\AppData\Local\Programs\MiKTeX\tex/generic/pgf/math\pgfmathpars
er.code.tex
\pgfmath@dimen=\dimen166
\pgfmath@count=\count289
\pgfmath@box=\box55
\pgfmath@toks=\toks39
\pgfmath@stack@operand=\toks40
\pgfmath@stack@operation=\toks41
)
(C:\Users\Mehmet\AppData\Local\Programs\MiKTeX\tex/generic/pgf/math\pgfmathfunc
tions.code.tex)
(C:\Users\Mehmet\AppData\Local\Programs\MiKTeX\tex/generic/pgf/math\pgfmathfunc
tions.basic.code.tex)
(C:\Users\Mehmet\AppData\Local\Programs\MiKTeX\tex/generic/pgf/math\pgfmathfunc
tions.trigonometric.code.tex)
(C:\Users\Mehmet\AppData\Local\Programs\MiKTeX\tex/generic/pgf/math\pgfmathfunc
tions.random.code.tex)
(C:\Users\Mehmet\AppData\Local\Programs\MiKTeX\tex/generic/pgf/math\pgfmathfunc
tions.comparison.code.tex)
(C:\Users\Mehmet\AppData\Local\Programs\MiKTeX\tex/generic/pgf/math\pgfmathfunc
tions.base.code.tex)
(C:\Users\Mehmet\AppData\Local\Programs\MiKTeX\tex/generic/pgf/math\pgfmathfunc
tions.round.code.tex)
(C:\Users\Mehmet\AppData\Local\Programs\MiKTeX\tex/generic/pgf/math\pgfmathfunc
tions.misc.code.tex)
(C:\Users\Mehmet\AppData\Local\Programs\MiKTeX\tex/generic/pgf/math\pgfmathfunc
tions.integerarithmetics.code.tex)
(C:\Users\Mehmet\AppData\Local\Programs\MiKTeX\tex/generic/pgf/math\pgfmathcalc
.code.tex)
(C:\Users\Mehmet\AppData\Local\Programs\MiKTeX\tex/generic/pgf/math\pgfmathfloa
t.code.tex
\c@pgfmathroundto@lastzeros=\count290
))
(C:\Users\Mehmet\AppData\Local\Programs\MiKTeX\tex/generic/pgf/math\pgfint.code
.tex)
(C:\Users\Mehmet\AppData\Local\Programs\MiKTeX\tex/generic/pgf/basiclayer\pgfco
repoints.code.tex
File: pgfcorepoints.code.tex 2023-01-15 v3.1.10 (3.1.10)
\pgf@picminx=\dimen167
\pgf@picmaxx=\dimen168
\pgf@picminy=\dimen169
\pgf@picmaxy=\dimen170
\pgf@pathminx=\dimen171
\pgf@pathmaxx=\dimen172
\pgf@pathminy=\dimen173
\pgf@pathmaxy=\dimen174
\pgf@xx=\dimen175
\pgf@xy=\dimen176
\pgf@yx=\dimen177
\pgf@yy=\dimen178
\pgf@zx=\dimen179
\pgf@zy=\dimen180
)
(C:\Users\Mehmet\AppData\Local\Programs\MiKTeX\tex/generic/pgf/basiclayer\pgfco
repathconstruct.code.tex
File: pgfcorepathconstruct.code.tex 2023-01-15 v3.1.10 (3.1.10)
\pgf@path@lastx=\dimen181
\pgf@path@lasty=\dimen182
)
(C:\Users\Mehmet\AppData\Local\Programs\MiKTeX\tex/generic/pgf/basiclayer\pgfco
repathusage.code.tex
File: pgfcorepathusage.code.tex 2023-01-15 v3.1.10 (3.1.10)
\pgf@shorten@end@additional=\dimen183
\pgf@shorten@start@additional=\dimen184
)
(C:\Users\Mehmet\AppData\Local\Programs\MiKTeX\tex/generic/pgf/basiclayer\pgfco
rescopes.code.tex
File: pgfcorescopes.code.tex 2023-01-15 v3.1.10 (3.1.10)
\pgfpic=\box56
\pgf@hbox=\box57
\pgf@layerbox@main=\box58
\pgf@picture@serial@count=\count291
)
(C:\Users\Mehmet\AppData\Local\Programs\MiKTeX\tex/generic/pgf/basiclayer\pgfco
regraphicstate.code.tex
File: pgfcoregraphicstate.code.tex 2023-01-15 v3.1.10 (3.1.10)
\pgflinewidth=\dimen185
)
(C:\Users\Mehmet\AppData\Local\Programs\MiKTeX\tex/generic/pgf/basiclayer\pgfco
retransformations.code.tex
File: pgfcoretransformations.code.tex 2023-01-15 v3.1.10 (3.1.10)
\pgf@pt@x=\dimen186
\pgf@pt@y=\dimen187
\pgf@pt@temp=\dimen188
)
(C:\Users\Mehmet\AppData\Local\Programs\MiKTeX\tex/generic/pgf/basiclayer\pgfco
requick.code.tex
File: pgfcorequick.code.tex 2023-01-15 v3.1.10 (3.1.10)
)
(C:\Users\Mehmet\AppData\Local\Programs\MiKTeX\tex/generic/pgf/basiclayer\pgfco
reobjects.code.tex
File: pgfcoreobjects.code.tex 2023-01-15 v3.1.10 (3.1.10)
)
(C:\Users\Mehmet\AppData\Local\Programs\MiKTeX\tex/generic/pgf/basiclayer\pgfco
repathprocessing.code.tex
File: pgfcorepathprocessing.code.tex 2023-01-15 v3.1.10 (3.1.10)
)
(C:\Users\Mehmet\AppData\Local\Programs\MiKTeX\tex/generic/pgf/basiclayer\pgfco
rearrows.code.tex
File: pgfcorearrows.code.tex 2023-01-15 v3.1.10 (3.1.10)
\pgfarrowsep=\dimen189
)
(C:\Users\Mehmet\AppData\Local\Programs\MiKTeX\tex/generic/pgf/basiclayer\pgfco
reshade.code.tex
File: pgfcoreshade.code.tex 2023-01-15 v3.1.10 (3.1.10)
\pgf@max=\dimen190
\pgf@sys@shading@range@num=\count292
\pgf@shadingcount=\count293
)
(C:\Users\Mehmet\AppData\Local\Programs\MiKTeX\tex/generic/pgf/basiclayer\pgfco
reimage.code.tex
File: pgfcoreimage.code.tex 2023-01-15 v3.1.10 (3.1.10)
)
(C:\Users\Mehmet\AppData\Local\Programs\MiKTeX\tex/generic/pgf/basiclayer\pgfco
reexternal.code.tex
File: pgfcoreexternal.code.tex 2023-01-15 v3.1.10 (3.1.10)
\pgfexternal@startupbox=\box59
)
(C:\Users\Mehmet\AppData\Local\Programs\MiKTeX\tex/generic/pgf/basiclayer\pgfco
relayers.code.tex
File: pgfcorelayers.code.tex 2023-01-15 v3.1.10 (3.1.10)
)
(C:\Users\Mehmet\AppData\Local\Programs\MiKTeX\tex/generic/pgf/basiclayer\pgfco
retransparency.code.tex
File: pgfcoretransparency.code.tex 2023-01-15 v3.1.10 (3.1.10)
)
(C:\Users\Mehmet\AppData\Local\Programs\MiKTeX\tex/generic/pgf/basiclayer\pgfco
repatterns.code.tex
File: pgfcorepatterns.code.tex 2023-01-15 v3.1.10 (3.1.10)
)
(C:\Users\Mehmet\AppData\Local\Programs\MiKTeX\tex/generic/pgf/basiclayer\pgfco
rerdf.code.tex
File: pgfcorerdf.code.tex 2023-01-15 v3.1.10 (3.1.10)
)))
(C:\Users\Mehmet\AppData\Local\Programs\MiKTeX\tex/generic/pgf/modules\pgfmodul
eshapes.code.tex
File: pgfmoduleshapes.code.tex 2023-01-15 v3.1.10 (3.1.10)
\pgfnodeparttextbox=\box60
)
(C:\Users\Mehmet\AppData\Local\Programs\MiKTeX\tex/generic/pgf/modules\pgfmodul
eplot.code.tex
File: pgfmoduleplot.code.tex 2023-01-15 v3.1.10 (3.1.10)
)
(C:\Users\Mehmet\AppData\Local\Programs\MiKTeX\tex/latex/pgf/compatibility\pgfc
omp-version-0-65.sty
Package: pgfcomp-version-0-65 2023-01-15 v3.1.10 (3.1.10)
\pgf@nodesepstart=\dimen191
\pgf@nodesepend=\dimen192
)
(C:\Users\Mehmet\AppData\Local\Programs\MiKTeX\tex/latex/pgf/compatibility\pgfc
omp-version-1-18.sty
Package: pgfcomp-version-1-18 2023-01-15 v3.1.10 (3.1.10)
))
(C:\Users\Mehmet\AppData\Local\Programs\MiKTeX\tex/latex/tools\verbatim.sty
Package: verbatim 2024-01-22 v1.5x LaTeX2e package for verbatim enhancements
\every@verbatim=\toks42
\verbatim@line=\toks43
\verbatim@in@stream=\read4
)
(C:\Users\Mehmet\AppData\Local\Programs\MiKTeX\tex/latex/environ\environ.sty
Package: environ 2014/05/04 v0.3 A new way to define environments

(C:\Users\Mehmet\AppData\Local\Programs\MiKTeX\tex/latex/trimspaces\trimspaces.
sty
Package: trimspaces 2009/09/17 v1.1 Trim spaces around a token list
))
(C:\Users\Mehmet\AppData\Local\Programs\MiKTeX\tex/latex/etoolbox\etoolbox.sty
Package: etoolbox 2020/10/05 v2.5k e-TeX tools for LaTeX (JAW)
\etb@tempcnta=\count294
)
\tcb@titlebox=\box61
\tcb@upperbox=\box62
\tcb@lowerbox=\box63
\tcb@phantombox=\box64
\c@tcbbreakpart=\count295
\c@tcblayer=\count296
\c@tcolorbox@number=\count297
\l__tcobox_tmpa_box=\box65
\l__tcobox_tmpa_dim=\dimen193
\tcb@temp=\box66
\tcb@temp=\box67
\tcb@temp=\box68
\tcb@temp=\box69

(C:\Users\Mehmet\AppData\Local\Programs\MiKTeX\tex/latex/tcolorbox\tcbraster.co
de.tex
Library (tcolorbox): 'tcbraster.code.tex' version '6.2.0'
\c@tcbrastercolumn=\count298
\c@tcbrasterrow=\count299
\c@tcbrasternum=\count300
\c@tcbraster=\count301
)
(C:\Users\Mehmet\AppData\Local\Programs\MiKTeX\tex/latex/tcolorbox\tcbskins.cod
e.tex
Library (tcolorbox): 'tcbskins.code.tex' version '6.2.0'

(C:\Users\Mehmet\AppData\Local\Programs\MiKTeX\tex/latex/pgf/frontendlayer\tikz
.sty
(C:\Users\Mehmet\AppData\Local\Programs\MiKTeX\tex/latex/pgf/utilities\pgffor.s
ty
(C:\Users\Mehmet\AppData\Local\Programs\MiKTeX\tex/latex/pgf/utilities\pgfkeys.
sty
(C:\Users\Mehmet\AppData\Local\Programs\MiKTeX\tex/generic/pgf/utilities\pgfkey
s.code.tex))
(C:\Users\Mehmet\AppData\Local\Programs\MiKTeX\tex/latex/pgf/math\pgfmath.sty
(C:\Users\Mehmet\AppData\Local\Programs\MiKTeX\tex/generic/pgf/math\pgfmath.cod
e.tex))
(C:\Users\Mehmet\AppData\Local\Programs\MiKTeX\tex/generic/pgf/utilities\pgffor
.code.tex
Package: pgffor 2023-01-15 v3.1.10 (3.1.10)
\pgffor@iter=\dimen194
\pgffor@skip=\dimen195
\pgffor@stack=\toks44
\pgffor@toks=\toks45
))
(C:\Users\Mehmet\AppData\Local\Programs\MiKTeX\tex/generic/pgf/frontendlayer/ti
kz\tikz.code.tex
Package: tikz 2023-01-15 v3.1.10 (3.1.10)

(C:\Users\Mehmet\AppData\Local\Programs\MiKTeX\tex/generic/pgf/libraries\pgflib
raryplothandlers.code.tex
File: pgflibraryplothandlers.code.tex 2023-01-15 v3.1.10 (3.1.10)
\pgf@plot@mark@count=\count302
\pgfplotmarksize=\dimen196
)
\tikz@lastx=\dimen197
\tikz@lasty=\dimen198
\tikz@lastxsaved=\dimen199
\tikz@lastysaved=\dimen256
\tikz@lastmovetox=\dimen257
\tikz@lastmovetoy=\dimen258
\tikzleveldistance=\dimen259
\tikzsiblingdistance=\dimen260
\tikz@figbox=\box70
\tikz@figbox@bg=\box71
\tikz@tempbox=\box72
\tikz@tempbox@bg=\box73
\tikztreelevel=\count303
\tikznumberofchildren=\count304
\tikznumberofcurrentchild=\count305
\tikz@fig@count=\count306

(C:\Users\Mehmet\AppData\Local\Programs\MiKTeX\tex/generic/pgf/modules\pgfmodul
ematrix.code.tex
File: pgfmodulematrix.code.tex 2023-01-15 v3.1.10 (3.1.10)
\pgfmatrixcurrentrow=\count307
\pgfmatrixcurrentcolumn=\count308
\pgf@matrix@numberofcolumns=\count309
)
\tikz@expandcount=\count310

(C:\Users\Mehmet\AppData\Local\Programs\MiKTeX\tex/generic/pgf/frontendlayer/ti
kz/libraries\tikzlibrarytopaths.code.tex
File: tikzlibrarytopaths.code.tex 2023-01-15 v3.1.10 (3.1.10)
)))
(C:\Users\Mehmet\AppData\Local\Programs\MiKTeX\tex/latex/tikzfill\tikzfill.imag
e.sty
Package: tikzfill.image 2023/08/08 v1.0.1 Image filling library for TikZ

(C:\Users\Mehmet\AppData\Local\Programs\MiKTeX\tex/latex/tikzfill\tikzfill-comm
on.sty
Package: tikzfill-common 2023/08/08 v1.0.1 Auxiliary code for tikzfill
)
(C:\Users\Mehmet\AppData\Local\Programs\MiKTeX\tex/latex/tikzfill\tikzlibraryfi
ll.image.code.tex
File: tikzlibraryfill.image.code.tex 2023/08/08 v1.0.1 Image filling library
\l__tikzfill_img_box=\box74
))
(C:\Users\Mehmet\AppData\Local\Programs\MiKTeX\tex/latex/tcolorbox\tcbskinsjigs
aw.code.tex
Library (tcolorbox): 'tcbskinsjigsaw.code.tex' version '6.2.0'
))
(C:\Users\Mehmet\AppData\Local\Programs\MiKTeX\tex/latex/tcolorbox\tcbbreakable
.code.tex
Library (tcolorbox): 'tcbbreakable.code.tex' version '6.2.0'
(C:\Users\Mehmet\AppData\Local\Programs\MiKTeX\tex/latex/pdfcol\pdfcol.sty
Package: pdfcol 2022-09-21 v1.7 Handle new color stacks for pdfTeX (HO)

(C:\Users\Mehmet\AppData\Local\Programs\MiKTeX\tex/generic/ltxcmds\ltxcmds.sty
Package: ltxcmds 2023-12-04 v1.26 LaTeX kernel commands for general use (HO)
)
(C:\Users\Mehmet\AppData\Local\Programs\MiKTeX\tex/generic/infwarerr\infwarerr.
sty
Package: infwarerr 2019/12/03 v1.5 Providing info/warning/error messages (HO)
) (C:\Users\Mehmet\AppData\Local\Programs\MiKTeX\tex/generic/iftex\iftex.sty
Package: iftex 2022/02/03 v1.0f TeX engine tests
))
Package pdfcol Info: New color stack `tcb@breakable' = 1 on input line 23.
\tcb@testbox=\box75
\tcb@totalupperbox=\box76
\tcb@totallowerbox=\box77
)
(C:\Users\Mehmet\AppData\Local\Programs\MiKTeX\tex/latex/tcolorbox\tcbhooks.cod
e.tex
Library (tcolorbox): 'tcbhooks.code.tex' version '6.2.0'
)
(C:\Users\Mehmet\AppData\Local\Programs\MiKTeX\tex/latex/tcolorbox\tcbtheorems.
code.tex
Library (tcolorbox): 'tcbtheorems.code.tex' version '6.2.0'
)
(C:\Users\Mehmet\AppData\Local\Programs\MiKTeX\tex/latex/tcolorbox\tcbfitting.c
ode.tex
Library (tcolorbox): 'tcbfitting.code.tex' version '6.2.0'
\tcbfitdim=\dimen261
\tcb@lowerfitdim=\dimen262
\tcb@upperfitdim=\dimen263
\tcb@cur@hbadness=\count311
)
(C:\Users\Mehmet\AppData\Local\Programs\MiKTeX\tex/latex/tcolorbox\tcblistingsu
tf8.code.tex
Library (tcolorbox): 'tcblistingsutf8.code.tex' version '6.2.0'

(C:\Users\Mehmet\AppData\Local\Programs\MiKTeX\tex/latex/tcolorbox\tcblistings.
code.tex
Library (tcolorbox): 'tcblistings.code.tex' version '6.2.0'
(C:\Users\Mehmet\AppData\Local\Programs\MiKTeX\tex/latex/listings\listings.sty
\lst@mode=\count312
\lst@gtempboxa=\box78
\lst@token=\toks46
\lst@length=\count313
\lst@currlwidth=\dimen264
\lst@column=\count314
\lst@pos=\count315
\lst@lostspace=\dimen265
\lst@width=\dimen266
\lst@newlines=\count316
\lst@lineno=\count317
\lst@maxwidth=\dimen267

(C:\Users\Mehmet\AppData\Local\Programs\MiKTeX\tex/latex/listings\lstpatch.sty
File: lstpatch.sty 2024/05/25 1.10b (Carsten Heinz)
) (C:\Users\Mehmet\AppData\Local\Programs\MiKTeX\tex/latex/listings\lstmisc.sty
File: lstmisc.sty 2024/05/25 1.10b (Carsten Heinz)
\c@lstnumber=\count318
\lst@skipnumbers=\count319
\lst@framebox=\box79
) (C:\Users\Mehmet\AppData\Local\Programs\MiKTeX\tex/latex/listings\listings.cf
g
File: listings.cfg 2024/05/25 1.10b listings configuration
))
Package: listings 2024/05/25 1.10b (Carsten Heinz)

(C:\Users\Mehmet\AppData\Local\Programs\MiKTeX\tex/latex/tcolorbox\tcblistingsc
ore.code.tex
Library (tcolorbox): 'tcblistingscore.code.tex' version '6.2.0'

(C:\Users\Mehmet\AppData\Local\Programs\MiKTeX\tex/latex/tcolorbox\tcbprocessin
g.code.tex
Library (tcolorbox): 'tcbprocessing.code.tex' version '6.2.0'
)
\c@tcblisting=\count320
))
(C:\Users\Mehmet\AppData\Local\Programs\MiKTeX\tex/latex/listingsutf8\listingsu
tf8.sty
Package: listingsutf8 2019-12-10 v1.5 Allow UTF-8 in listings input (HO)

(C:\Users\Mehmet\AppData\Local\Programs\MiKTeX\tex/generic/pdftexcmds\pdftexcmd
s.sty
Package: pdftexcmds 2020-06-27 v0.33 Utility functions of pdfTeX for LuaTeX (HO
)
Package pdftexcmds Info: \pdf@primitive is available.
Package pdftexcmds Info: \pdf@ifprimitive is available.
Package pdftexcmds Info: \pdfdraftmode found.
)
(C:\Users\Mehmet\AppData\Local\Programs\MiKTeX\tex/generic/stringenc\stringenc.
sty
Package: stringenc 2019/11/29 v1.12 Convert strings between diff. encodings (HO
)

(C:\Users\Mehmet\AppData\Local\Programs\MiKTeX\tex/generic/pdfescape\pdfescape.
sty
Package: pdfescape 2019/12/09 v1.15 Implements pdfTeX's escape features (HO)
))))
(C:\Users\Mehmet\AppData\Local\Programs\MiKTeX\tex/latex/tcolorbox\tcbexternal.
code.tex
Library (tcolorbox): 'tcbexternal.code.tex' version '6.2.0'
)
(C:\Users\Mehmet\AppData\Local\Programs\MiKTeX\tex/latex/tcolorbox\tcbmagazine.
code.tex
Library (tcolorbox): 'tcbmagazine.code.tex' version '6.2.0'
)
(C:\Users\Mehmet\AppData\Local\Programs\MiKTeX\tex/latex/tcolorbox\tcbvignette.
code.tex
Library (tcolorbox): 'tcbvignette.code.tex' version '6.2.0'

(C:\Users\Mehmet\AppData\Local\Programs\MiKTeX\tex/generic/pgf/frontendlayer/ti
kz/libraries\tikzlibraryfadings.code.tex
File: tikzlibraryfadings.code.tex 2023-01-15 v3.1.10 (3.1.10)

(C:\Users\Mehmet\AppData\Local\Programs\MiKTeX\tex/generic/pgf/libraries\pgflib
raryfadings.code.tex
File: pgflibraryfadings.code.tex 2023-01-15 v3.1.10 (3.1.10)
)))
(C:\Users\Mehmet\AppData\Local\Programs\MiKTeX\tex/latex/tcolorbox\tcbposter.co
de.tex
Library (tcolorbox): 'tcbposter.code.tex' version '6.2.0'
))
(C:\Users\Mehmet\AppData\Local\Programs\MiKTeX\tex/latex/circuitikz\circuitikz.
sty
Package: circuitikz 2024/08/03{} The CircuiTikz circuit drawing package version
 1.7.0

(C:\Users\Mehmet\AppData\Local\Programs\MiKTeX\tex/generic/pgf/frontendlayer/ti
kz/libraries\tikzlibrarycalc.code.tex
File: tikzlibrarycalc.code.tex 2023-01-15 v3.1.10 (3.1.10)
)
(C:\Users\Mehmet\AppData\Local\Programs\MiKTeX\tex/generic/pgf/libraries\pgflib
raryarrows.meta.code.tex
File: pgflibraryarrows.meta.code.tex 2023-01-15 v3.1.10 (3.1.10)
\pgfarrowinset=\dimen268
\pgfarrowlength=\dimen269
\pgfarrowwidth=\dimen270
\pgfarrowlinewidth=\dimen271
)
(C:\Users\Mehmet\AppData\Local\Programs\MiKTeX\tex/generic/pgf/frontendlayer/ti
kz/libraries\tikzlibrarybending.code.tex
File: tikzlibrarybending.code.tex 2023-01-15 v3.1.10 (3.1.10)

(C:\Users\Mehmet\AppData\Local\Programs\MiKTeX\tex/generic/pgf/modules\pgfmodul
ebending.code.tex
File: pgfmodulebending.code.tex 2023-01-15 v3.1.10 (3.1.10)

(C:\Users\Mehmet\AppData\Local\Programs\MiKTeX\tex/generic/pgf/modules\pgfmodul
enonlineartransformations.code.tex
File: pgfmodulenonlineartransformations.code.tex 2023-01-15 v3.1.10 (3.1.10)
\pgftransformnonlinearflatness=\dimen272
)
(C:\Users\Mehmet\AppData\Local\Programs\MiKTeX\tex/generic/pgf/libraries\pgflib
rarycurvilinear.code.tex
File: pgflibrarycurvilinear.code.tex 2023-01-15 v3.1.10 (3.1.10)
\pgf@curvilinear@time@a=\dimen273
\pgf@curvilinear@length@a=\dimen274
\pgf@curvilinear@length@b=\dimen275
\pgf@curvilinear@length@c=\dimen276
\pgf@curvilinear@length@d=\dimen277
)
\pgf@arrows@the@rigidity=\dimen278
))
(C:\Users\Mehmet\AppData\Local\Programs\MiKTeX\tex/generic/pgf/frontendlayer/ti
kz/libraries\tikzlibraryfpu.code.tex
(C:\Users\Mehmet\AppData\Local\Programs\MiKTeX\tex/generic/pgf/libraries\pgflib
raryfpu.code.tex))
(C:\Users\Mehmet\AppData\Local\Programs\MiKTeX\tex/generic/circuitikz\pgfcirc.d
efines.tex
\pgf@circ@count@a=\count321
\pgf@circ@count@b=\count322
\pgf@circ@count@c=\count323
\pgf@circ@res@up=\dimen279
\pgf@circ@res@down=\dimen280
\pgf@circ@res@zero=\dimen281
\pgf@circ@res@left=\dimen282
\pgf@circ@res@right=\dimen283
\pgf@circ@res@other=\dimen284
\pgf@circ@res@step=\dimen285
\pgf@circ@res@temp=\dimen286
\pgf@circ@Rlen=\dimen287
\pgf@circ@scaled@Rlen=\dimen288
\pgfstartlinewidth=\dimen289
)
(C:\Users\Mehmet\AppData\Local\Programs\MiKTeX\tex/generic/circuitikz\pgfcircut
ils.tex
\ctikz@scratchbox=\box80
)
(C:\Users\Mehmet\AppData\Local\Programs\MiKTeX\tex/generic/circuitikz\pgfcircpa
th.tex)
(C:\Users\Mehmet\AppData\Local\Programs\MiKTeX\tex/generic/circuitikz\pgfcircsh
apes.tex)
(C:\Users\Mehmet\AppData\Local\Programs\MiKTeX\tex/generic/circuitikz\pgfcircmo
nopoles.tex)
(C:\Users\Mehmet\AppData\Local\Programs\MiKTeX\tex/generic/circuitikz\pgfcircbi
poles.tex)
(C:\Users\Mehmet\AppData\Local\Programs\MiKTeX\tex/generic/circuitikz\pgfcirctr
ipoles.tex
\pgf@circ@res@count=\count324
)
(C:\Users\Mehmet\AppData\Local\Programs\MiKTeX\tex/generic/circuitikz\pgfcircqu
adpoles.tex)
(C:\Users\Mehmet\AppData\Local\Programs\MiKTeX\tex/generic/circuitikz\pgfcircmu
ltipoles.tex)
(C:\Users\Mehmet\AppData\Local\Programs\MiKTeX\tex/generic/circuitikz\pgfcircla
bel.tex)
(C:\Users\Mehmet\AppData\Local\Programs\MiKTeX\tex/generic/circuitikz\pgfcircvo
ltage.tex
\pgfcirc@labelshift=\dimen290
)
(C:\Users\Mehmet\AppData\Local\Programs\MiKTeX\tex/generic/circuitikz\pgfcirccu
rrent.tex)
(C:\Users\Mehmet\AppData\Local\Programs\MiKTeX\tex/generic/circuitikz\pgfcircfl
ow.tex))
(C:\Users\Mehmet\AppData\Local\Programs\MiKTeX\tex/latex/cancel\cancel.sty
Package: cancel 2013/04/12 v2.2 Cancel math terms
)
(C:\Users\Mehmet\AppData\Local\Programs\MiKTeX\tex/latex/bodegraph\bodegraph.st
y
Package: bodegraph version 1.6
 (C:\Users\Mehmet\AppData\Local\Programs\MiKTeX\tex/latex/base\ifthen.sty
Package: ifthen 2024/03/16 v1.1e Standard LaTeX ifthen package (DPC)
)
(C:\Users\Mehmet\AppData\Local\Programs\MiKTeX\tex/fonts/ifsym\ifsym.sty
Package: ifsym 2000/04/18 I.Kloeckl

(C:\Users\Mehmet\AppData\Local\Programs\MiKTeX\tex/latex/tools\calc.sty
Package: calc 2023/07/08 v4.3 Infix arithmetic (KKT,FJ)
\calc@Acount=\count325
\calc@Bcount=\count326
\calc@Adimen=\dimen291
\calc@Bdimen=\dimen292
\calc@Askip=\skip57
\calc@Bskip=\skip58
LaTeX Info: Redefining \setlength on input line 80.
LaTeX Info: Redefining \addtolength on input line 81.
\calc@Ccount=\count327
\calc@Cskip=\skip59
)
\c@ifsymcnt=\count328
)
(C:\Users\Mehmet\AppData\Local\Programs\MiKTeX\tex/latex/relsize\relsize.sty
Package: relsize 2013/03/29 ver 4.1
)
(C:\Users\Mehmet\AppData\Local\Programs\MiKTeX\tex/generic/pgf/frontendlayer/ti
kz/libraries\tikzlibraryshapes.code.tex
File: tikzlibraryshapes.code.tex 2023-01-15 v3.1.10 (3.1.10)

(C:\Users\Mehmet\AppData\Local\Programs\MiKTeX\tex/generic/pgf/frontendlayer/ti
kz/libraries\tikzlibraryshapes.geometric.code.tex
File: tikzlibraryshapes.geometric.code.tex 2023-01-15 v3.1.10 (3.1.10)

(C:\Users\Mehmet\AppData\Local\Programs\MiKTeX\tex/generic/pgf/libraries/shapes
\pgflibraryshapes.geometric.code.tex
File: pgflibraryshapes.geometric.code.tex 2023-01-15 v3.1.10 (3.1.10)
))
(C:\Users\Mehmet\AppData\Local\Programs\MiKTeX\tex/generic/pgf/frontendlayer/ti
kz/libraries\tikzlibraryshapes.misc.code.tex
File: tikzlibraryshapes.misc.code.tex 2023-01-15 v3.1.10 (3.1.10)

(C:\Users\Mehmet\AppData\Local\Programs\MiKTeX\tex/generic/pgf/libraries/shapes
\pgflibraryshapes.misc.code.tex
File: pgflibraryshapes.misc.code.tex 2023-01-15 v3.1.10 (3.1.10)
))
(C:\Users\Mehmet\AppData\Local\Programs\MiKTeX\tex/generic/pgf/frontendlayer/ti
kz/libraries\tikzlibraryshapes.symbols.code.tex
File: tikzlibraryshapes.symbols.code.tex 2023-01-15 v3.1.10 (3.1.10)

(C:\Users\Mehmet\AppData\Local\Programs\MiKTeX\tex/generic/pgf/libraries/shapes
\pgflibraryshapes.symbols.code.tex
File: pgflibraryshapes.symbols.code.tex 2023-01-15 v3.1.10 (3.1.10)
))
(C:\Users\Mehmet\AppData\Local\Programs\MiKTeX\tex/generic/pgf/frontendlayer/ti
kz/libraries\tikzlibraryshapes.arrows.code.tex
File: tikzlibraryshapes.arrows.code.tex 2023-01-15 v3.1.10 (3.1.10)

(C:\Users\Mehmet\AppData\Local\Programs\MiKTeX\tex/generic/pgf/libraries/shapes
\pgflibraryshapes.arrows.code.tex
File: pgflibraryshapes.arrows.code.tex 2023-01-15 v3.1.10 (3.1.10)
))
(C:\Users\Mehmet\AppData\Local\Programs\MiKTeX\tex/generic/pgf/frontendlayer/ti
kz/libraries\tikzlibraryshapes.callouts.code.tex
(C:\Users\Mehmet\AppData\Local\Programs\MiKTeX\tex/generic/pgf/libraries/shapes
\pgflibraryshapes.callouts.code.tex))
(C:\Users\Mehmet\AppData\Local\Programs\MiKTeX\tex/generic/pgf/frontendlayer/ti
kz/libraries\tikzlibraryshapes.multipart.code.tex
File: tikzlibraryshapes.multipart.code.tex 2023-01-15 v3.1.10 (3.1.10)

(C:\Users\Mehmet\AppData\Local\Programs\MiKTeX\tex/generic/pgf/libraries/shapes
\pgflibraryshapes.multipart.code.tex
File: pgflibraryshapes.multipart.code.tex 2023-01-15 v3.1.10 (3.1.10)
\pgfnodepartlowerbox=\box81
\pgfnodeparttwobox=\box82
\pgfnodepartthreebox=\box83
\pgfnodepartfourbox=\box84
\pgfnodeparttwentybox=\box85
\pgfnodepartnineteenbox=\box86
\pgfnodeparteighteenbox=\box87
\pgfnodepartseventeenbox=\box88
\pgfnodepartsixteenbox=\box89
\pgfnodepartfifteenbox=\box90
\pgfnodepartfourteenbox=\box91
\pgfnodepartthirteenbox=\box92
\pgfnodeparttwelvebox=\box93
\pgfnodepartelevenbox=\box94
\pgfnodeparttenbox=\box95
\pgfnodepartninebox=\box96
\pgfnodeparteightbox=\box97
\pgfnodepartsevenbox=\box98
\pgfnodepartsixbox=\box99
\pgfnodepartfivebox=\box100
)))
(C:\Users\Mehmet\AppData\Local\Programs\MiKTeX\tex/generic/pgf/frontendlayer/ti
kz/libraries\tikzlibraryarrows.code.tex
File: tikzlibraryarrows.code.tex 2023-01-15 v3.1.10 (3.1.10)

(C:\Users\Mehmet\AppData\Local\Programs\MiKTeX\tex/generic/pgf/libraries\pgflib
raryarrows.code.tex
File: pgflibraryarrows.code.tex 2023-01-15 v3.1.10 (3.1.10)
\arrowsize=\dimen293
))
(C:\Users\Mehmet\AppData\Local\Programs\MiKTeX\tex/generic/pgf/frontendlayer/ti
kz/libraries\tikzlibrarybackgrounds.code.tex
File: tikzlibrarybackgrounds.code.tex 2023-01-15 v3.1.10 (3.1.10)
\pgf@layerbox@background=\box101
\pgf@layerboxsaved@background=\box102
)
(C:\Users\Mehmet\AppData\Local\Programs\MiKTeX\tex/generic/pgf/frontendlayer/ti
kz/libraries\tikzlibrarydecorations.markings.code.tex
(C:\Users\Mehmet\AppData\Local\Programs\MiKTeX\tex/generic/pgf/frontendlayer/ti
kz/libraries\tikzlibrarydecorations.code.tex
(C:\Users\Mehmet\AppData\Local\Programs\MiKTeX\tex/generic/pgf/modules\pgfmodul
edecorations.code.tex
\pgfdecoratedcompleteddistance=\dimen294
\pgfdecoratedremainingdistance=\dimen295
\pgfdecoratedinputsegmentcompleteddistance=\dimen296
\pgfdecoratedinputsegmentremainingdistance=\dimen297
\pgf@decorate@distancetomove=\dimen298
\pgf@decorate@repeatstate=\count329
\pgfdecorationsegmentamplitude=\dimen299
\pgfdecorationsegmentlength=\dimen300
)
\tikz@lib@dec@box=\box103
)
(C:\Users\Mehmet\AppData\Local\Programs\MiKTeX\tex/generic/pgf/libraries/decora
tions\pgflibrarydecorations.markings.code.tex))
\c@idGnuplot=\count330
)
(C:\Users\Mehmet\AppData\Local\Programs\MiKTeX\tex/latex/gensymb\gensymb.sty
Package: gensymb 2022/10/17 v1.0.2 (KJH)
)
(C:\Users\Mehmet\AppData\Local\Programs\MiKTeX\tex/latex/matlab-prettifier\matl
ab-prettifier.sty
Package: matlab-prettifier 2014/06/19 v0.3 A package for prettyprinting Matlab 
source code

(C:\Users\Mehmet\AppData\Local\Programs\MiKTeX\tex/latex/base\textcomp.sty
Package: textcomp 2024/04/24 v2.1b Standard LaTeX package
)
\netBracketCount@mlpr=\count331
\blkLvl@mlpr=\count332
\blkLvlAtClassdef@mlpr=\count333
\emHeight@mlpr=\skip60
\jayDepth@mlpr=\skip61
\sectionRuleOffset@mlpr=\skip62
\toks@mlpr=\toks47
)
(C:\Users\Mehmet\AppData\Local\Programs\MiKTeX\tex/latex/siunitx\siunitx.sty
Package: siunitx 2024-12-06 v3.4.0 A comprehensive (SI) units package
\l__siunitx_number_uncert_offset_int=\count334
\l__siunitx_number_exponent_fixed_int=\count335
\l__siunitx_number_min_decimal_int=\count336
\l__siunitx_number_min_integer_int=\count337
\l__siunitx_number_round_precision_int=\count338
\l__siunitx_number_lower_threshold_int=\count339
\l__siunitx_number_upper_threshold_int=\count340
\l__siunitx_number_group_first_int=\count341
\l__siunitx_number_group_size_int=\count342
\l__siunitx_number_group_minimum_int=\count343
\l__siunitx_angle_tmp_dim=\dimen301
\l__siunitx_angle_marker_box=\box104
\l__siunitx_angle_unit_box=\box105
\l__siunitx_compound_count_int=\count344

(C:\Users\Mehmet\AppData\Local\Programs\MiKTeX\tex/latex/translations\translati
ons.sty
Package: translations 2022/02/05 v1.12 internationalization of LaTeX2e packages
 (CN)
)
\l__siunitx_table_tmp_box=\box106
\l__siunitx_table_tmp_dim=\dimen302
\l__siunitx_table_column_width_dim=\dimen303
\l__siunitx_table_integer_box=\box107
\l__siunitx_table_decimal_box=\box108
\l__siunitx_table_uncert_box=\box109
\l__siunitx_table_before_box=\box110
\l__siunitx_table_after_box=\box111
\l__siunitx_table_before_dim=\dimen304
\l__siunitx_table_carry_dim=\dimen305
\l__siunitx_unit_tmp_int=\count345
\l__siunitx_unit_position_int=\count346
\l__siunitx_unit_total_int=\count347

(C:\Users\Mehmet\AppData\Local\Programs\MiKTeX\tex/latex/tools\array.sty
Package: array 2024/06/14 v2.6d Tabular extension package (FMi)
\col@sep=\dimen306
\ar@mcellbox=\box112
\extrarowheight=\dimen307
\NC@list=\toks48
\extratabsurround=\skip63
\backup@length=\skip64
\ar@cellbox=\box113
))
(C:\Users\Mehmet\AppData\Local\Programs\MiKTeX\tex/latex/hyperref\hyperref.sty
Package: hyperref 2024-05-23 v7.01i Hypertext links for LaTeX

(C:\Users\Mehmet\AppData\Local\Programs\MiKTeX\tex/latex/kvsetkeys\kvsetkeys.st
y
Package: kvsetkeys 2022-10-05 v1.19 Key value parser (HO)
)
(C:\Users\Mehmet\AppData\Local\Programs\MiKTeX\tex/generic/kvdefinekeys\kvdefin
ekeys.sty
Package: kvdefinekeys 2019-12-19 v1.6 Define keys (HO)
)
(C:\Users\Mehmet\AppData\Local\Programs\MiKTeX\tex/latex/hycolor\hycolor.sty
Package: hycolor 2020-01-27 v1.10 Color options for hyperref/bookmark (HO)
)
(C:\Users\Mehmet\AppData\Local\Programs\MiKTeX\tex/latex/hyperref\nameref.sty
Package: nameref 2023-11-26 v2.56 Cross-referencing by name of section

(C:\Users\Mehmet\AppData\Local\Programs\MiKTeX\tex/latex/refcount\refcount.sty
Package: refcount 2019/12/15 v3.6 Data extraction from label references (HO)
)
(C:\Users\Mehmet\AppData\Local\Programs\MiKTeX\tex/generic/gettitlestring\getti
tlestring.sty
Package: gettitlestring 2019/12/15 v1.6 Cleanup title references (HO)

(C:\Users\Mehmet\AppData\Local\Programs\MiKTeX\tex/latex/kvoptions\kvoptions.st
y
Package: kvoptions 2022-06-15 v3.15 Key value format for package options (HO)
))
\c@section@level=\count348
)
\@linkdim=\dimen308
\Hy@linkcounter=\count349
\Hy@pagecounter=\count350

(C:\Users\Mehmet\AppData\Local\Programs\MiKTeX\tex/latex/hyperref\pd1enc.def
File: pd1enc.def 2024-05-23 v7.01i Hyperref: PDFDocEncoding definition (HO)
Now handling font encoding PD1 ...
... no UTF-8 mapping file for font encoding PD1
)
(C:\Users\Mehmet\AppData\Local\Programs\MiKTeX\tex/generic/intcalc\intcalc.sty
Package: intcalc 2019/12/15 v1.3 Expandable calculations with integers (HO)
)
\Hy@SavedSpaceFactor=\count351
(C:\Users\Mehmet\AppData\Local\Programs\MiKTeX\tex/latex/hyperref\puenc.def
File: puenc.def 2024-05-23 v7.01i Hyperref: PDF Unicode definition (HO)
Now handling font encoding PU ...
... no UTF-8 mapping file for font encoding PU
)
Package hyperref Info: Hyper figures OFF on input line 4157.
Package hyperref Info: Link nesting OFF on input line 4162.
Package hyperref Info: Hyper index ON on input line 4165.
Package hyperref Info: Plain pages OFF on input line 4172.
Package hyperref Info: Backreferencing OFF on input line 4177.
Package hyperref Info: Implicit mode ON; LaTeX internals redefined.
Package hyperref Info: Bookmarks ON on input line 4424.
\c@Hy@tempcnt=\count352

(C:\Users\Mehmet\AppData\Local\Programs\MiKTeX\tex/latex/url\url.sty
\Urlmuskip=\muskip18
Package: url 2013/09/16  ver 3.4  Verb mode for urls, etc.
)
LaTeX Info: Redefining \url on input line 4763.
\XeTeXLinkMargin=\dimen309

(C:\Users\Mehmet\AppData\Local\Programs\MiKTeX\tex/generic/bitset\bitset.sty
Package: bitset 2019/12/09 v1.3 Handle bit-vector datatype (HO)

(C:\Users\Mehmet\AppData\Local\Programs\MiKTeX\tex/generic/bigintcalc\bigintcal
c.sty
Package: bigintcalc 2019/12/15 v1.5 Expandable calculations on big integers (HO
)
))
\Fld@menulength=\count353
\Field@Width=\dimen310
\Fld@charsize=\dimen311
Package hyperref Info: Hyper figures OFF on input line 6042.
Package hyperref Info: Link nesting OFF on input line 6047.
Package hyperref Info: Hyper index ON on input line 6050.
Package hyperref Info: backreferencing OFF on input line 6057.
Package hyperref Info: Link coloring OFF on input line 6062.
Package hyperref Info: Link coloring with OCG OFF on input line 6067.
Package hyperref Info: PDF/A mode OFF on input line 6072.

(C:\Users\Mehmet\AppData\Local\Programs\MiKTeX\tex/latex/base\atbegshi-ltx.sty
Package: atbegshi-ltx 2021/01/10 v1.0c Emulation of the original atbegshi
package with kernel methods
)
\Hy@abspage=\count354
\c@Item=\count355
\c@Hfootnote=\count356
)
Package hyperref Info: Driver (autodetected): hpdftex.
 (C:\Users\Mehmet\AppData\Local\Programs\MiKTeX\tex/latex/hyperref\hpdftex.def
File: hpdftex.def 2024-05-23 v7.01i Hyperref driver for pdfTeX

(C:\Users\Mehmet\AppData\Local\Programs\MiKTeX\tex/latex/base\atveryend-ltx.sty
Package: atveryend-ltx 2020/08/19 v1.0a Emulation of the original atveryend pac
kage
with kernel methods
)
\Fld@listcount=\count357
\c@bookmark@seq@number=\count358

(C:\Users\Mehmet\AppData\Local\Programs\MiKTeX\tex/latex/rerunfilecheck\rerunfi
lecheck.sty
Package: rerunfilecheck 2022-07-10 v1.10 Rerun checks for auxiliary files (HO)

(C:\Users\Mehmet\AppData\Local\Programs\MiKTeX\tex/generic/uniquecounter\unique
counter.sty
Package: uniquecounter 2019/12/15 v1.4 Provide unlimited unique counter (HO)
)
Package uniquecounter Info: New unique counter `rerunfilecheck' on input line 2
85.
)
\Hy@SectionHShift=\skip65
)
Package hyperref Info: Option `colorlinks' set `true' on input line 28.

(C:\Users\Mehmet\AppData\Local\Programs\MiKTeX\tex/latex/caption\subcaption.sty
Package: subcaption 2023/07/28 v1.6b Sub-captions (AR)
(C:\Users\Mehmet\AppData\Local\Programs\MiKTeX\tex/latex/caption\caption.sty
Package: caption 2023/08/05 v3.6o Customizing captions (AR)

(C:\Users\Mehmet\AppData\Local\Programs\MiKTeX\tex/latex/caption\caption3.sty
Package: caption3 2023/07/31 v2.4d caption3 kernel (AR)
\caption@tempdima=\dimen312
\captionmargin=\dimen313
\caption@leftmargin=\dimen314
\caption@rightmargin=\dimen315
\caption@width=\dimen316
\caption@indent=\dimen317
\caption@parindent=\dimen318
\caption@hangindent=\dimen319
Package caption Info: Standard document class detected.
)
\c@caption@flags=\count359
\c@continuedfloat=\count360
Package caption Info: hyperref package is loaded.
Package caption Info: listings package is loaded.
)
Package caption Info: New subtype `subfigure' on input line 238.
\c@subfigure=\count361
Package caption Info: New subtype `subtable' on input line 238.
\c@subtable=\count362
)
(C:\Users\Mehmet\AppData\Local\Programs\MiKTeX\tex/latex/tabularray\tabularray.
sty (C:\Users\Mehmet\AppData\Local\Programs\MiKTeX\tex/latex/l3kernel\expl3.sty
Package: expl3 2024-05-27 L3 programming layer (loader) 

(C:\Users\Mehmet\AppData\Local\Programs\MiKTeX\tex/latex/l3backend\l3backend-pd
ftex.def
File: l3backend-pdftex.def 2024-05-08 L3 backend support: PDF output (pdfTeX)
\l__color_backend_stack_int=\count363
\l__pdf_internal_box=\box114
))
Package: tabularray 2024-02-16 v2024A Typeset tabulars and arrays with LaTeX3
\l__tblr_a_int=\count364
\l__tblr_c_int=\count365
\l__tblr_r_int=\count366
\l__tblr_d_dim=\dimen320
\l__tblr_h_dim=\dimen321
\l__tblr_o_dim=\dimen322
\l__tblr_p_dim=\dimen323
\l__tblr_q_dim=\dimen324
\l__tblr_r_dim=\dimen325
\l__tblr_s_dim=\dimen326
\l__tblr_t_dim=\dimen327
\l__tblr_v_dim=\dimen328
\l__tblr_w_dim=\dimen329
\l__tblr_a_box=\box115
\l__tblr_b_box=\box116
\l__tblr_c_box=\box117
\l__tblr_d_box=\box118
\g__tblr_table_count_int=\count367
\c@rownum=\count368
\c@colnum=\count369
\c@rowcount=\count370
\c@colcount=\count371
\abovesep=\dimen330
\belowsep=\dimen331
\leftsep=\dimen332
\rightsep=\dimen333
\g_tblr_level_int=\count372
\g__tblr_data_row_key_count_int=\count373
\g__tblr_data_column_key_count_int=\count374
\g__tblr_data_cell_key_count_int=\count375
\g__tblr_array_int=\count376
\l__tblr_key_count_int=\count377
\l__tblr_key_quotient_int=\count378
\l__tblr_key_quotient_two_int=\count379
\l__tblr_key_remainder_int=\count380
\g__tblr_data_str_value_count_int=\count381
\rulewidth=\dimen334
\l__tblr_strut_dp_dim=\dimen335
\l__tblr_strut_ht_dim=\dimen336
\g__tblr_cell_wd_dim=\dimen337
\g__tblr_cell_ht_dim=\dimen338
\g__tblr_cell_head_dim=\dimen339
\g__tblr_cell_foot_dim=\dimen340
\l__column_target_dim=\dimen341
\l__tblr_caption_box=\box119
\l__tblr_caption_left_box=\box120
\l__tblr_row_head_box=\box121
\l__tblr_row_foot_box=\box122
\l__tblr_row_head_foot_dim=\dimen342
\tablewidth=\dimen343
\l__tblr_table_firsthead_box=\box123
\l__tblr_table_middlehead_box=\box124
\l__tblr_table_lasthead_box=\box125
\l__tblr_table_firstfoot_box=\box126
\l__tblr_table_middlefoot_box=\box127
\l__tblr_table_lastfoot_box=\box128
\l__tblr_remain_height_dim=\dimen344
\l__tblr_long_from_int=\count382
\l__tblr_long_to_int=\count383
\l__tblr_curr_i_int=\count384
\l__tblr_prev_i_int=\count385
\l__tblr_table_page_int=\count386
\l__tblr_table_head_box=\box129
\l__tblr_table_foot_box=\box130
\l__tblr_table_head_foot_dim=\dimen345
\l__tblr_table_head_body_foot_dim=\dimen346
\l__tblr_table_box=\box131
\l__tblr_table_hlines_box=\box132
\l__tblr_hline_box=\box133
\l__tblr_row_box=\box134
\l__tblr_col_o_wd_dim=\dimen347
\l__tblr_col_b_wd_dim=\dimen348
\l__tblr_hline_leftskip_dim=\dimen349
\l__tblr_hline_rightskip_dim=\dimen350
\l__tblr_row_ht_dim=\dimen351
\l__tblr_row_dp_dim=\dimen352
\l__tblr_row_abovesep_dim=\dimen353
\l__tblr_row_belowsep_dim=\dimen354
\l__tblr_row_vlines_box=\box135
\l__tblr_vline_box=\box136
\l__tblr_cell_box=\box137
\l__row_upper_dim=\dimen355
\l__row_lower_dim=\dimen356
\l__row_vpace_dim=\dimen357
\l__tblr_vline_aboveskip_dim=\dimen358
\l__tblr_vline_belowskip_dim=\dimen359
\l__tblr_cell_wd_dim=\dimen360
\l__tblr_cell_ht_dim=\dimen361
\l__tblr_diag_box=\box138
)
(C:\Users\Mehmet\AppData\Local\Programs\MiKTeX\tex/latex/tools\tabularx.sty
Package: tabularx 2023/12/11 v2.12a `tabularx' package (DPC)
\TX@col@width=\dimen362
\TX@old@table=\dimen363
\TX@old@col=\dimen364
\TX@target=\dimen365
\TX@delta=\dimen366
\TX@cols=\count387
\TX@ftn=\toks49
)
(C:\Users\Mehmet\AppData\Local\Programs\MiKTeX\tex/latex/graphics\lscape.sty
Package: lscape 2020/05/28 v3.02 Landscape Pages (DPC)
)
(C:\Users\Mehmet\AppData\Local\Programs\MiKTeX\tex/latex/pgfplots\pgfplotstable
.sty
(C:\Users\Mehmet\AppData\Local\Programs\MiKTeX\tex/generic/pgfplots\pgfplots.re
vision.tex)
Package: pgfplotstable 2021/05/15 v1.18.1 Table typesetting and Pretty-printing
 (1.18.1)

(C:\Users\Mehmet\AppData\Local\Programs\MiKTeX\tex/latex/pgfplots\pgfplots.sty
(C:\Users\Mehmet\AppData\Local\Programs\MiKTeX\tex/generic/pgfplots\pgfplots.re
vision.tex)
Package: pgfplots 2021/05/15 v1.18.1 Data Visualization (1.18.1)

(C:\Users\Mehmet\AppData\Local\Programs\MiKTeX\tex/generic/pgfplots\pgfplots.co
de.tex
(C:\Users\Mehmet\AppData\Local\Programs\MiKTeX\tex/generic/pgfplots\pgfplotscor
e.code.tex
\t@pgfplots@toka=\toks50
\t@pgfplots@tokb=\toks51
\t@pgfplots@tokc=\toks52
\pgfplots@tmpa=\dimen367
\c@pgfplots@coordindex=\count388
\c@pgfplots@scanlineindex=\count389

(C:\Users\Mehmet\AppData\Local\Programs\MiKTeX\tex/generic/pgfplots/sys\pgfplot
ssysgeneric.code.tex))
(C:\Users\Mehmet\AppData\Local\Programs\MiKTeX\tex/generic/pgfplots/libs\pgfplo
tslibrary.code.tex)
(C:\Users\Mehmet\AppData\Local\Programs\MiKTeX\tex/generic/pgfplots/oldpgfcompa
tib\pgfplotsoldpgfsupp_loader.code.tex
Package pgfplots: loading complementary utilities for your pgf version...
\t@pgf@toka=\toks53
\t@pgf@tokb=\toks54
\t@pgf@tokc=\toks55

(C:\Users\Mehmet\AppData\Local\Programs\MiKTeX\tex/generic/pgfplots/oldpgfcompa
tib\pgfplotsoldpgfsupp_pgfutil-common-lists.tex))
(C:\Users\Mehmet\AppData\Local\Programs\MiKTeX\tex/generic/pgfplots/util\pgfplo
tsutil.code.tex
(C:\Users\Mehmet\AppData\Local\Programs\MiKTeX\tex/generic/pgfplots/liststructu
re\pgfplotsliststructure.code.tex)
(C:\Users\Mehmet\AppData\Local\Programs\MiKTeX\tex/generic/pgfplots/liststructu
re\pgfplotsliststructureext.code.tex)
(C:\Users\Mehmet\AppData\Local\Programs\MiKTeX\tex/generic/pgfplots/liststructu
re\pgfplotsarray.code.tex
\c@pgfplotsarray@tmp=\count390
)
(C:\Users\Mehmet\AppData\Local\Programs\MiKTeX\tex/generic/pgfplots/liststructu
re\pgfplotsmatrix.code.tex)
(C:\Users\Mehmet\AppData\Local\Programs\MiKTeX\tex/generic/pgfplots/numtable\pg
fplotstableshared.code.tex
\c@pgfplotstable@counta=\count391
\t@pgfplotstable@a=\toks56
)
(C:\Users\Mehmet\AppData\Local\Programs\MiKTeX\tex/generic/pgfplots/liststructu
re\pgfplotsdeque.code.tex)
(C:\Users\Mehmet\AppData\Local\Programs\MiKTeX\tex/generic/pgfplots/util\pgfplo
tsbinary.code.tex
(C:\Users\Mehmet\AppData\Local\Programs\MiKTeX\tex/generic/pgfplots/util\pgfplo
tsbinary.data.code.tex))
(C:\Users\Mehmet\AppData\Local\Programs\MiKTeX\tex/generic/pgfplots/util\pgfplo
tsutil.verb.code.tex)
(C:\Users\Mehmet\AppData\Local\Programs\MiKTeX\tex/generic/pgfplots/libs\pgflib
rarypgfplots.surfshading.code.tex
\c@pgfplotslibrarysurf@no=\count392

(C:\Users\Mehmet\AppData\Local\Programs\MiKTeX\tex/generic/pgfplots/sys\pgflibr
arypgfplots.surfshading.pgfsys-pdftex.def)))
(C:\Users\Mehmet\AppData\Local\Programs\MiKTeX\tex/generic/pgfplots/util\pgfplo
tscolormap.code.tex
(C:\Users\Mehmet\AppData\Local\Programs\MiKTeX\tex/generic/pgfplots/util\pgfplo
tscolor.code.tex))
(C:\Users\Mehmet\AppData\Local\Programs\MiKTeX\tex/generic/pgfplots\pgfplotssta
ckedplots.code.tex)
(C:\Users\Mehmet\AppData\Local\Programs\MiKTeX\tex/generic/pgfplots\pgfplotsplo
thandlers.code.tex
(C:\Users\Mehmet\AppData\Local\Programs\MiKTeX\tex/generic/pgfplots\pgfplotsmes
hplothandler.code.tex
(C:\Users\Mehmet\AppData\Local\Programs\MiKTeX\tex/generic/pgfplots\pgfplotsmes
hplotimage.code.tex)))
(C:\Users\Mehmet\AppData\Local\Programs\MiKTeX\tex/generic/pgfplots\pgfplots.sc
aling.code.tex)
(C:\Users\Mehmet\AppData\Local\Programs\MiKTeX\tex/generic/pgfplots\pgfplotscoo
rdprocessing.code.tex)
(C:\Users\Mehmet\AppData\Local\Programs\MiKTeX\tex/generic/pgfplots\pgfplots.er
rorbars.code.tex)
(C:\Users\Mehmet\AppData\Local\Programs\MiKTeX\tex/generic/pgfplots\pgfplots.ma
rkers.code.tex)
(C:\Users\Mehmet\AppData\Local\Programs\MiKTeX\tex/generic/pgfplots\pgfplotstic
ks.code.tex)
(C:\Users\Mehmet\AppData\Local\Programs\MiKTeX\tex/generic/pgfplots\pgfplots.pa
ths.code.tex)
(C:\Users\Mehmet\AppData\Local\Programs\MiKTeX\tex/generic/pgf/frontendlayer/ti
kz/libraries\tikzlibrarydecorations.pathmorphing.code.tex
(C:\Users\Mehmet\AppData\Local\Programs\MiKTeX\tex/generic/pgf/libraries/decora
tions\pgflibrarydecorations.pathmorphing.code.tex))
(C:\Users\Mehmet\AppData\Local\Programs\MiKTeX\tex/generic/pgf/frontendlayer/ti
kz/libraries\tikzlibrarydecorations.pathreplacing.code.tex
(C:\Users\Mehmet\AppData\Local\Programs\MiKTeX\tex/generic/pgf/libraries/decora
tions\pgflibrarydecorations.pathreplacing.code.tex))
(C:\Users\Mehmet\AppData\Local\Programs\MiKTeX\tex/generic/pgfplots/libs\tikzli
brarypgfplots.contourlua.code.tex)
\pgfplots@numplots=\count393
\pgfplots@xmin@reg=\dimen368
\pgfplots@xmax@reg=\dimen369
\pgfplots@ymin@reg=\dimen370
\pgfplots@ymax@reg=\dimen371
\pgfplots@zmin@reg=\dimen372
\pgfplots@zmax@reg=\dimen373
)
(C:\Users\Mehmet\AppData\Local\Programs\MiKTeX\tex/generic/pgf/frontendlayer/ti
kz/libraries\tikzlibraryplotmarks.code.tex
File: tikzlibraryplotmarks.code.tex 2023-01-15 v3.1.10 (3.1.10)

(C:\Users\Mehmet\AppData\Local\Programs\MiKTeX\tex/generic/pgf/libraries\pgflib
raryplotmarks.code.tex
File: pgflibraryplotmarks.code.tex 2023-01-15 v3.1.10 (3.1.10)
)))
(C:\Users\Mehmet\AppData\Local\Programs\MiKTeX\tex/generic/pgfplots/numtable\pg
fplotstable.code.tex
(C:\Users\Mehmet\AppData\Local\Programs\MiKTeX\tex/generic/pgfplots/numtable\pg
fplotstable.coltype.code.tex)))
(C:\Users\Mehmet\AppData\Local\Programs\MiKTeX\tex/latex/booktabs\booktabs.sty
Package: booktabs 2020/01/12 v1.61803398 Publication quality tables
\heavyrulewidth=\dimen374
\lightrulewidth=\dimen375
\cmidrulewidth=\dimen376
\belowrulesep=\dimen377
\belowbottomsep=\dimen378
\aboverulesep=\dimen379
\abovetopsep=\dimen380
\cmidrulesep=\dimen381
\cmidrulekern=\dimen382
\defaultaddspace=\dimen383
\@cmidla=\count394
\@cmidlb=\count395
\@aboverulesep=\dimen384
\@belowrulesep=\dimen385
\@thisruleclass=\count396
\@lastruleclass=\count397
\@thisrulewidth=\dimen386
)
(C:\Users\Mehmet\AppData\Local\Programs\MiKTeX\tex/latex/steinmetz\steinmetz.st
y
Package: steinmetz 2009/06/14 v1.0 Steinmetz symbol for electrotechnics
 (C:\Users\Mehmet\AppData\Local\Programs\MiKTeX\tex/latex/pict2e\pict2e.sty
Package: pict2e 2020/09/30 v0.4b Improved picture commands (HjG,RN,JT)

(C:\Users\Mehmet\AppData\Local\Programs\MiKTeX\tex/latex/pict2e\pict2e.cfg
File: pict2e.cfg 2016/02/05 v0.1u pict2e configuration for teTeX/TeXLive
)
Package pict2e Info: Driver file: pdftex.def on input line 112.
Package pict2e Info: Driver file for pict2e: p2e-pdftex.def on input line 114.

(C:\Users\Mehmet\AppData\Local\Programs\MiKTeX\tex/latex/pict2e\p2e-pdftex.def
File: p2e-pdftex.def 2016/02/05 v0.1u Driver-dependant file (RN,HjG,JT)
)
\pIIe@GRAPH=\toks57
\@arclen=\dimen387
\@arcrad=\dimen388
\pIIe@tempdima=\dimen389
\pIIe@tempdimb=\dimen390
\pIIe@tempdimc=\dimen391
\pIIe@tempdimd=\dimen392
\pIIe@tempdime=\dimen393
\pIIe@tempdimf=\dimen394
)
\stm@phasebox=\box139
\stm@phasedp=\skip66
\stm@phaseht=\skip67
\stm@phasetot=\skip68
\stm@phasewd=\skip69
)
(C:\Users\Mehmet\AppData\Local\Programs\MiKTeX\tex/latex/fancyhdr\fancyhdr.sty
Package: fancyhdr 2024/04/23 v4.2 Extensive control of page headers and footers

\f@nch@headwidth=\skip70
\f@nch@O@elh=\skip71
\f@nch@O@erh=\skip72
\f@nch@O@olh=\skip73
\f@nch@O@orh=\skip74
\f@nch@O@elf=\skip75
\f@nch@O@erf=\skip76
\f@nch@O@olf=\skip77
\f@nch@O@orf=\skip78
) (C:\Users\Mehmet\AppData\Local\Programs\MiKTeX\tex/latex/geometry\geometry.st
y
Package: geometry 2020/01/02 v5.9 Page Geometry
(C:\Users\Mehmet\AppData\Local\Programs\MiKTeX\tex/generic/iftex\ifvtex.sty
Package: ifvtex 2019/10/25 v1.7 ifvtex legacy package. Use iftex instead.
)
\Gm@cnth=\count398
\Gm@cntv=\count399
\c@Gm@tempcnt=\count400
\Gm@bindingoffset=\dimen395
\Gm@wd@mp=\dimen396
\Gm@odd@mp=\dimen397
\Gm@even@mp=\dimen398
\Gm@layoutwidth=\dimen399
\Gm@layoutheight=\dimen400
\Gm@layouthoffset=\dimen401
\Gm@layoutvoffset=\dimen402
\Gm@dimlist=\toks58

(C:\Users\Mehmet\AppData\Local\Programs\MiKTeX\tex/latex/geometry\geometry.cfg)
) (main2.aux)
\openout1 = `main2.aux'.

LaTeX Font Info:    Checking defaults for OML/cmm/m/it on input line 48.
LaTeX Font Info:    ... okay on input line 48.
LaTeX Font Info:    Checking defaults for OMS/cmsy/m/n on input line 48.
LaTeX Font Info:    ... okay on input line 48.
LaTeX Font Info:    Checking defaults for OT1/cmr/m/n on input line 48.
LaTeX Font Info:    ... okay on input line 48.
LaTeX Font Info:    Checking defaults for T1/cmr/m/n on input line 48.
LaTeX Font Info:    ... okay on input line 48.
LaTeX Font Info:    Checking defaults for TS1/cmr/m/n on input line 48.
LaTeX Font Info:    ... okay on input line 48.
LaTeX Font Info:    Checking defaults for OMX/cmex/m/n on input line 48.
LaTeX Font Info:    ... okay on input line 48.
LaTeX Font Info:    Checking defaults for U/cmr/m/n on input line 48.
LaTeX Font Info:    ... okay on input line 48.
LaTeX Font Info:    Checking defaults for PD1/pdf/m/n on input line 48.
LaTeX Font Info:    ... okay on input line 48.
LaTeX Font Info:    Checking defaults for PU/pdf/m/n on input line 48.
LaTeX Font Info:    ... okay on input line 48.

(C:\Users\Mehmet\AppData\Local\Programs\MiKTeX\tex/context/base/mkii\supp-pdf.m
kii
[Loading MPS to PDF converter (version 2006.09.02).]
\scratchcounter=\count401
\scratchdimen=\dimen403
\scratchbox=\box140
\nofMPsegments=\count402
\nofMParguments=\count403
\everyMPshowfont=\toks59
\MPscratchCnt=\count404
\MPscratchDim=\dimen404
\MPnumerator=\count405
\makeMPintoPDFobject=\count406
\everyMPtoPDFconversion=\toks60
)
(C:\Users\Mehmet\AppData\Local\Programs\MiKTeX\tex/latex/epstopdf-pkg\epstopdf-
base.sty
Package: epstopdf-base 2020-01-24 v2.11 Base part for package epstopdf
Package epstopdf-base Info: Redefining graphics rule for `.eps' on input line 4
85.

(C:\Users\Mehmet\AppData\Local\Programs\MiKTeX\tex/latex/00miktex\epstopdf-sys.
cfg
File: epstopdf-sys.cfg 2021/03/18 v2.0 Configuration of epstopdf for MiKTeX
))
\c@lstlisting=\count407
\symgns@font=\mathgroup6
LaTeX Font Info:    Overwriting symbol font `gns@font' in version `bold'
(Font)                  TS1/cmr/m/n --> TS1/cmr/b/n on input line 48.
Package gensymb Info: Math companion symbols declared on input line 48.
LaTeX Info: Redefining \degree on input line 48.
LaTeX Info: Redefining \celsius on input line 48.
Package gensymb Info: Using text companion symbols for \degree, \celsius and \p
erthousand on input line 48.
LaTeX Info: Redefining \ohm on input line 48.
Package gensymb Info: Using \textohm for \ohm on input line 48.
Package gensymb Info: Using \textmu for \micro on input line 48.
Package translations Info: no dictionary file `translations-basic-dictionary-tu
rkish.trsl' found. on input line 48.
Package hyperref Info: Link coloring ON on input line 48.
 (main2.out) (main2.out)
\@outlinefile=\write4
\openout4 = `main2.out'.

Package caption Info: Begin \AtBeginDocument code.
Package caption Info: End \AtBeginDocument code.

(C:\Users\Mehmet\AppData\Local\Programs\MiKTeX\tex/latex/ninecolors\ninecolors.
sty
Package: ninecolors 2022-02-13 v2022D Select colors with proper color contrast

(C:\Users\Mehmet\AppData\Local\Programs\MiKTeX\tex/latex/l3packages/xparse\xpar
se.sty
Package: xparse 2024-05-08 L3 Experimental document command parser
))

Package pgfplots Warning: running in backwards compatibility mode (unsuitable t
ick labels; missing features). Consider writing \pgfplotsset{compat=1.18} into 
your preamble.
 on input line 48.

*geometry* driver: auto-detecting
*geometry* detected driver: pdftex
*geometry* verbose mode - [ preamble ] result:
* driver: pdftex
* paper: a4paper
* layout: <same size as paper>
* layoutoffset:(h,v)=(0.0pt,0.0pt)
* modes: 
* h-part:(L,W,R)=(57.81621pt, 481.87546pt, 57.81621pt)
* v-part:(T,H,B)=(65.04256pt, 751.09674pt, 28.90755pt)
* \paperwidth=597.50787pt
* \paperheight=845.04684pt
* \textwidth=481.87546pt
* \textheight=751.09674pt
* \oddsidemargin=-14.45378pt
* \evensidemargin=-14.45378pt
* \topmargin=-44.22743pt
* \headheight=12.0pt
* \headsep=25.0pt
* \topskip=10.0pt
* \footskip=30.0pt
* \marginparwidth=57.0pt
* \marginparsep=11.0pt
* \columnsep=10.0pt
* \skip\footins=9.0pt plus 4.0pt minus 2.0pt
* \hoffset=0.0pt
* \voffset=0.0pt
* \mag=1000
* \@twocolumnfalse
* \@twosidefalse
* \@mparswitchfalse
* \@reversemarginfalse
* (1in=72.27pt=25.4mm, 1cm=28.453pt)

(content2.tex
<logo.pdf, id=42, 569.05598pt x 569.05598pt>
File: logo.pdf Graphic file (type pdf)
<use logo.pdf>
Package pdftex.def Info: logo.pdf  used on input line 14.
(pdftex.def)             Requested size: 48.19048pt x 48.18242pt.
LaTeX Font Info:    Trying to load font information for U+msa on input line 15.


(C:\Users\Mehmet\AppData\Local\Programs\MiKTeX\tex/latex/amsfonts\umsa.fd
File: umsa.fd 2013/01/14 v3.01 AMS symbols A
)
LaTeX Font Info:    Trying to load font information for U+msb on input line 15.


(C:\Users\Mehmet\AppData\Local\Programs\MiKTeX\tex/latex/amsfonts\umsb.fd
File: umsb.fd 2013/01/14 v3.01 AMS symbols B
)
Underfull \hbox (badness 10000) in paragraph at lines 14--40

 []


Underfull \hbox (badness 10000) in paragraph at lines 14--40

 []




Package fancyhdr Warning: \headheight is too small (12.0pt): 
(fancyhdr)                Make it at least 12.51453pt, for example:
(fancyhdr)                \setlength{\headheight}{12.51453pt}.
(fancyhdr)                You might also make \topmargin smaller to compensate:

(fancyhdr)                \addtolength{\topmargin}{-0.51453pt}.

[1{C:/Users/Mehmet/AppData/Local/MiKTeX/fonts/map/pdftex/pdftex.map}

 <./logo.pdf>]
<q1.pdf, id=103, 399.08911pt x 298.29831pt>
File: q1.pdf Graphic file (type pdf)
<use q1.pdf>
Package pdftex.def Info: q1.pdf  used on input line 119.
(pdftex.def)             Requested size: 289.1282pt x 216.12189pt.



Package fancyhdr Warning: \headheight is too small (12.0pt): 
(fancyhdr)                Make it at least 12.51453pt, for example:
(fancyhdr)                \setlength{\headheight}{12.51453pt}.
(fancyhdr)                You might also make \topmargin smaller to compensate:

(fancyhdr)                \addtolength{\topmargin}{-0.51453pt}.

[2 <./q1.pdf>]
<q2.pdf, id=126, 399.08911pt x 298.29831pt>
File: q2.pdf Graphic file (type pdf)
<use q2.pdf>
Package pdftex.def Info: q2.pdf  used on input line 179.
(pdftex.def)             Requested size: 289.1282pt x 216.12189pt.
)


Package fancyhdr Warning: \headheight is too small (12.0pt): 
(fancyhdr)                Make it at least 12.51453pt, for example:
(fancyhdr)                \setlength{\headheight}{12.51453pt}.
(fancyhdr)                You might also make \topmargin smaller to compensate:

(fancyhdr)                \addtolength{\topmargin}{-0.51453pt}.

[3 <./q2.pdf>] (main2.aux)
 ***********
LaTeX2e <2024-06-01> patch level 1
L3 programming layer <2024-05-27>
 ***********
Package rerunfilecheck Info: File `main2.out' has not changed.
(rerunfilecheck)             Checksum: D41D8CD98F00B204E9800998ECF8427E;0.
 ) 
Here is how much of TeX's memory you used:
 67371 strings out of 473920
 1744609 string characters out of 5726502
 2570736 words of memory out of 5000000
 89399 multiletter control sequences out of 15000+600000
 562320 words of font info for 49 fonts, out of 8000000 for 9000
 1141 hyphenation exceptions out of 8191
 101i,17n,107p,5104b,1046s stack positions out of 10000i,1000n,20000p,200000b,200000s
 <C:\Users\Mehmet\AppData\Local\MiKTeX\fonts/pk/ljfour/jknappen/ec/dpi600\tcr
m1000.pk> <C:\Users\Mehmet\AppData\Local\MiKTeX\fonts/pk/ljfour/jknappen/ec/dpi
600\ecbx1000.pk> <C:\Users\Mehmet\AppData\Local\MiKTeX\fonts/pk/ljfour/jknappen
/ec/dpi600\ecrm1000.pk><C:/Users/Mehmet/AppData/Local/Programs/MiKTeX/fonts/typ
e1/public/amsfonts/cm/cmex10.pfb><C:/Users/Mehmet/AppData/Local/Programs/MiKTeX
/fonts/type1/public/amsfonts/cm/cmmi10.pfb><C:/Users/Mehmet/AppData/Local/Progr
ams/MiKTeX/fonts/type1/public/amsfonts/cm/cmmi7.pfb><C:/Users/Mehmet/AppData/Lo
cal/Programs/MiKTeX/fonts/type1/public/amsfonts/cm/cmr10.pfb><C:/Users/Mehmet/A
ppData/Local/Programs/MiKTeX/fonts/type1/public/amsfonts/cm/cmr7.pfb><C:/Users/
Mehmet/AppData/Local/Programs/MiKTeX/fonts/type1/public/amsfonts/cm/cmsy10.pfb>
<C:/Users/Mehmet/AppData/Local/Programs/MiKTeX/fonts/type1/public/amsfonts/cm/c
msy7.pfb>
Output written on main2.pdf (3 pages, 876458 bytes).
PDF statistics:
 298 PDF objects out of 1000 (max. 8388607)
 19 named destinations out of 1000 (max. 500000)
 172 words of extra memory for PDF output out of 10000 (max. 10000000)

